Started GET "/" for ::1 at 2019-08-29 19:55:23 +0530
  
PG::ConnectionBad (could not connect to server: Connection refused
	Is the server running on host "localhost" (::1) and accepting
	TCP/IP connections on port 5432?
could not connect to server: Connection refused
	Is the server running on host "localhost" (127.0.0.1) and accepting
	TCP/IP connections on port 5432?
could not connect to server: Connection refused
	Is the server running on host "localhost" (127.0.0.1) and accepting
	TCP/IP connections on port 5432?
):
  
pg (1.1.4) lib/pg.rb:56:in `initialize'
pg (1.1.4) lib/pg.rb:56:in `new'
pg (1.1.4) lib/pg.rb:56:in `connect'
activerecord (5.2.3) lib/active_record/connection_adapters/postgresql_adapter.rb:692:in `connect'
activerecord (5.2.3) lib/active_record/connection_adapters/postgresql_adapter.rb:223:in `initialize'
activerecord (5.2.3) lib/active_record/connection_adapters/postgresql_adapter.rb:48:in `new'
activerecord (5.2.3) lib/active_record/connection_adapters/postgresql_adapter.rb:48:in `postgresql_connection'
activerecord (5.2.3) lib/active_record/connection_adapters/abstract/connection_pool.rb:811:in `new_connection'
activerecord (5.2.3) lib/active_record/connection_adapters/abstract/connection_pool.rb:855:in `checkout_new_connection'
activerecord (5.2.3) lib/active_record/connection_adapters/abstract/connection_pool.rb:834:in `try_to_checkout_new_connection'
activerecord (5.2.3) lib/active_record/connection_adapters/abstract/connection_pool.rb:795:in `acquire_connection'
activerecord (5.2.3) lib/active_record/connection_adapters/abstract/connection_pool.rb:523:in `checkout'
activerecord (5.2.3) lib/active_record/connection_adapters/abstract/connection_pool.rb:382:in `connection'
activerecord (5.2.3) lib/active_record/connection_adapters/abstract/connection_pool.rb:1014:in `retrieve_connection'
activerecord (5.2.3) lib/active_record/connection_handling.rb:118:in `retrieve_connection'
activerecord (5.2.3) lib/active_record/connection_handling.rb:90:in `connection'
activerecord (5.2.3) lib/active_record/migration.rb:554:in `call'
actionpack (5.2.3) lib/action_dispatch/middleware/callbacks.rb:28:in `block in call'
activesupport (5.2.3) lib/active_support/callbacks.rb:98:in `run_callbacks'
actionpack (5.2.3) lib/action_dispatch/middleware/callbacks.rb:26:in `call'
actionpack (5.2.3) lib/action_dispatch/middleware/executor.rb:14:in `call'
actionpack (5.2.3) lib/action_dispatch/middleware/debug_exceptions.rb:61:in `call'
web-console (3.7.0) lib/web_console/middleware.rb:135:in `call_app'
web-console (3.7.0) lib/web_console/middleware.rb:30:in `block in call'
web-console (3.7.0) lib/web_console/middleware.rb:20:in `catch'
web-console (3.7.0) lib/web_console/middleware.rb:20:in `call'
actionpack (5.2.3) lib/action_dispatch/middleware/show_exceptions.rb:33:in `call'
railties (5.2.3) lib/rails/rack/logger.rb:38:in `call_app'
railties (5.2.3) lib/rails/rack/logger.rb:26:in `block in call'
activesupport (5.2.3) lib/active_support/tagged_logging.rb:71:in `block in tagged'
activesupport (5.2.3) lib/active_support/tagged_logging.rb:28:in `tagged'
activesupport (5.2.3) lib/active_support/tagged_logging.rb:71:in `tagged'
railties (5.2.3) lib/rails/rack/logger.rb:26:in `call'
sprockets-rails (3.2.1) lib/sprockets/rails/quiet_assets.rb:13:in `call'
actionpack (5.2.3) lib/action_dispatch/middleware/remote_ip.rb:81:in `call'
actionpack (5.2.3) lib/action_dispatch/middleware/request_id.rb:27:in `call'
rack (2.0.7) lib/rack/method_override.rb:22:in `call'
rack (2.0.7) lib/rack/runtime.rb:22:in `call'
activesupport (5.2.3) lib/active_support/cache/strategy/local_cache_middleware.rb:29:in `call'
actionpack (5.2.3) lib/action_dispatch/middleware/executor.rb:14:in `call'
actionpack (5.2.3) lib/action_dispatch/middleware/static.rb:127:in `call'
rack (2.0.7) lib/rack/sendfile.rb:111:in `call'
railties (5.2.3) lib/rails/engine.rb:524:in `call'
puma (3.12.1) lib/puma/configuration.rb:227:in `call'
puma (3.12.1) lib/puma/server.rb:660:in `handle_request'
puma (3.12.1) lib/puma/server.rb:474:in `process_client'
puma (3.12.1) lib/puma/server.rb:334:in `block in run'
puma (3.12.1) lib/puma/thread_pool.rb:135:in `block in spawn_thread'
Started GET "/" for ::1 at 2019-08-29 19:56:22 +0530
  [1m[35m (28.5ms)[0m  [1m[34mSELECT "schema_migrations"."version" FROM "schema_migrations" ORDER BY "schema_migrations"."version" ASC[0m
  ↳ /home/omkar/.rvm/gems/ruby-2.6.0/gems/activerecord-5.2.3/lib/active_record/log_subscriber.rb:98
Processing by PagesController#home as HTML
  Rendering pages/home.html.erb within layouts/application
  Rendered pages/home.html.erb within layouts/application (4.3ms)
  Rendered layouts/_navigation.html.erb (1.4ms)
  Rendered layouts/_messages.html.erb (0.7ms)
  Rendered layouts/_footer.html.erb (0.6ms)
Completed 200 OK in 9143ms (Views: 9116.1ms | ActiveRecord: 0.0ms)


Started GET "/nature1.jpg" for ::1 at 2019-08-29 19:56:34 +0530
  
ActionController::RoutingError (No route matches [GET] "/nature1.jpg"):
  
actionpack (5.2.3) lib/action_dispatch/middleware/debug_exceptions.rb:65:in `call'
web-console (3.7.0) lib/web_console/middleware.rb:135:in `call_app'
web-console (3.7.0) lib/web_console/middleware.rb:30:in `block in call'
web-console (3.7.0) lib/web_console/middleware.rb:20:in `catch'
web-console (3.7.0) lib/web_console/middleware.rb:20:in `call'
actionpack (5.2.3) lib/action_dispatch/middleware/show_exceptions.rb:33:in `call'
railties (5.2.3) lib/rails/rack/logger.rb:38:in `call_app'
railties (5.2.3) lib/rails/rack/logger.rb:26:in `block in call'
activesupport (5.2.3) lib/active_support/tagged_logging.rb:71:in `block in tagged'
activesupport (5.2.3) lib/active_support/tagged_logging.rb:28:in `tagged'
activesupport (5.2.3) lib/active_support/tagged_logging.rb:71:in `tagged'
railties (5.2.3) lib/rails/rack/logger.rb:26:in `call'
sprockets-rails (3.2.1) lib/sprockets/rails/quiet_assets.rb:13:in `call'
actionpack (5.2.3) lib/action_dispatch/middleware/remote_ip.rb:81:in `call'
actionpack (5.2.3) lib/action_dispatch/middleware/request_id.rb:27:in `call'
rack (2.0.7) lib/rack/method_override.rb:22:in `call'
rack (2.0.7) lib/rack/runtime.rb:22:in `call'
activesupport (5.2.3) lib/active_support/cache/strategy/local_cache_middleware.rb:29:in `call'
actionpack (5.2.3) lib/action_dispatch/middleware/executor.rb:14:in `call'
actionpack (5.2.3) lib/action_dispatch/middleware/static.rb:127:in `call'
rack (2.0.7) lib/rack/sendfile.rb:111:in `call'
railties (5.2.3) lib/rails/engine.rb:524:in `call'
puma (3.12.1) lib/puma/configuration.rb:227:in `call'
puma (3.12.1) lib/puma/server.rb:660:in `handle_request'
puma (3.12.1) lib/puma/server.rb:474:in `process_client'
puma (3.12.1) lib/puma/server.rb:334:in `block in run'
puma (3.12.1) lib/puma/thread_pool.rb:135:in `block in spawn_thread'
Started GET "/" for ::1 at 2019-08-30 12:26:11 +0530
  [1m[35m (3.1ms)[0m  [1m[34mSELECT "schema_migrations"."version" FROM "schema_migrations" ORDER BY "schema_migrations"."version" ASC[0m
  ↳ /home/omkar/.rvm/gems/ruby-2.6.0/gems/activerecord-5.2.3/lib/active_record/log_subscriber.rb:98
Processing by PagesController#home as HTML
  Rendering pages/home.html.erb within layouts/application
  Rendered pages/home.html.erb within layouts/application (2.3ms)
  Rendered layouts/_navigation.html.erb (3.8ms)
  Rendered layouts/_messages.html.erb (1.8ms)
  Rendered layouts/_footer.html.erb (1.1ms)
Completed 200 OK in 2226ms (Views: 2211.3ms | ActiveRecord: 0.0ms)


Started GET "/nature1.jpg" for ::1 at 2019-08-30 12:26:15 +0530
  
ActionController::RoutingError (No route matches [GET] "/nature1.jpg"):
  
actionpack (5.2.3) lib/action_dispatch/middleware/debug_exceptions.rb:65:in `call'
web-console (3.7.0) lib/web_console/middleware.rb:135:in `call_app'
web-console (3.7.0) lib/web_console/middleware.rb:30:in `block in call'
web-console (3.7.0) lib/web_console/middleware.rb:20:in `catch'
web-console (3.7.0) lib/web_console/middleware.rb:20:in `call'
actionpack (5.2.3) lib/action_dispatch/middleware/show_exceptions.rb:33:in `call'
railties (5.2.3) lib/rails/rack/logger.rb:38:in `call_app'
railties (5.2.3) lib/rails/rack/logger.rb:26:in `block in call'
activesupport (5.2.3) lib/active_support/tagged_logging.rb:71:in `block in tagged'
activesupport (5.2.3) lib/active_support/tagged_logging.rb:28:in `tagged'
activesupport (5.2.3) lib/active_support/tagged_logging.rb:71:in `tagged'
railties (5.2.3) lib/rails/rack/logger.rb:26:in `call'
sprockets-rails (3.2.1) lib/sprockets/rails/quiet_assets.rb:13:in `call'
actionpack (5.2.3) lib/action_dispatch/middleware/remote_ip.rb:81:in `call'
actionpack (5.2.3) lib/action_dispatch/middleware/request_id.rb:27:in `call'
rack (2.0.7) lib/rack/method_override.rb:22:in `call'
rack (2.0.7) lib/rack/runtime.rb:22:in `call'
activesupport (5.2.3) lib/active_support/cache/strategy/local_cache_middleware.rb:29:in `call'
actionpack (5.2.3) lib/action_dispatch/middleware/executor.rb:14:in `call'
actionpack (5.2.3) lib/action_dispatch/middleware/static.rb:127:in `call'
rack (2.0.7) lib/rack/sendfile.rb:111:in `call'
railties (5.2.3) lib/rails/engine.rb:524:in `call'
puma (3.12.1) lib/puma/configuration.rb:227:in `call'
puma (3.12.1) lib/puma/server.rb:660:in `handle_request'
puma (3.12.1) lib/puma/server.rb:474:in `process_client'
puma (3.12.1) lib/puma/server.rb:334:in `block in run'
puma (3.12.1) lib/puma/thread_pool.rb:135:in `block in spawn_thread'
  [1m[35m (8.5ms)[0m  [1m[34mSELECT pg_try_advisory_lock(7574898273434014425)[0m
  ↳ /usr/share/rvm/rubies/ruby-2.6.0/lib/ruby/gems/2.6.0/gems/rake-12.3.2/lib/rake/task.rb:273
  [1m[35m (2.1ms)[0m  [1m[34mSELECT "schema_migrations"."version" FROM "schema_migrations" ORDER BY "schema_migrations"."version" ASC[0m
  ↳ /usr/share/rvm/rubies/ruby-2.6.0/lib/ruby/gems/2.6.0/gems/rake-12.3.2/lib/rake/task.rb:273
Migrating to CreateCategories (20190830152735)
  [1m[35m (1.4ms)[0m  [1m[35mBEGIN[0m
  ↳ /usr/share/rvm/rubies/ruby-2.6.0/lib/ruby/gems/2.6.0/gems/rake-12.3.2/lib/rake/task.rb:273
  [1m[35m (527.1ms)[0m  [1m[35mCREATE TABLE "categories" ("id" bigserial primary key, "name" character varying, "created_at" timestamp NOT NULL, "updated_at" timestamp NOT NULL)[0m
  ↳ db/migrate/20190830152735_create_categories.rb:3
  [1m[35m (1.3ms)[0m  [1m[31mROLLBACK[0m
  ↳ /usr/share/rvm/rubies/ruby-2.6.0/lib/ruby/gems/2.6.0/gems/rake-12.3.2/lib/rake/task.rb:273
  [1m[35m (0.8ms)[0m  [1m[34mSELECT pg_advisory_unlock(7574898273434014425)[0m
  ↳ /usr/share/rvm/rubies/ruby-2.6.0/lib/ruby/gems/2.6.0/gems/rake-12.3.2/lib/rake/task.rb:273
  [1m[35m (0.4ms)[0m  [1m[34mSELECT pg_try_advisory_lock(7574898273434014425)[0m
  ↳ /usr/share/rvm/rubies/ruby-2.6.0/lib/ruby/gems/2.6.0/gems/rake-12.3.2/lib/rake/task.rb:273
  [1m[35m (2.1ms)[0m  [1m[34mSELECT "schema_migrations"."version" FROM "schema_migrations" ORDER BY "schema_migrations"."version" ASC[0m
  ↳ /usr/share/rvm/rubies/ruby-2.6.0/lib/ruby/gems/2.6.0/gems/rake-12.3.2/lib/rake/task.rb:273
Migrating to CreateCategories (20190830152735)
  [1m[35m (0.4ms)[0m  [1m[35mBEGIN[0m
  ↳ /usr/share/rvm/rubies/ruby-2.6.0/lib/ruby/gems/2.6.0/gems/rake-12.3.2/lib/rake/task.rb:273
  [1m[35m (11.2ms)[0m  [1m[35mCREATE TABLE "categories" ("id" bigserial primary key, "name" character varying, "created_at" timestamp NOT NULL, "updated_at" timestamp NOT NULL)[0m
  ↳ db/migrate/20190830152735_create_categories.rb:3
  [1m[35m (0.6ms)[0m  [1m[31mROLLBACK[0m
  ↳ /usr/share/rvm/rubies/ruby-2.6.0/lib/ruby/gems/2.6.0/gems/rake-12.3.2/lib/rake/task.rb:273
  [1m[35m (0.5ms)[0m  [1m[34mSELECT pg_advisory_unlock(7574898273434014425)[0m
  ↳ /usr/share/rvm/rubies/ruby-2.6.0/lib/ruby/gems/2.6.0/gems/rake-12.3.2/lib/rake/task.rb:273
  [1m[35m (0.5ms)[0m  [1m[34mSELECT pg_try_advisory_lock(7574898273434014425)[0m
  ↳ /usr/share/rvm/rubies/ruby-2.6.0/lib/ruby/gems/2.6.0/gems/rake-12.3.2/lib/rake/task.rb:273
  [1m[35m (2.1ms)[0m  [1m[34mSELECT "schema_migrations"."version" FROM "schema_migrations" ORDER BY "schema_migrations"."version" ASC[0m
  ↳ /usr/share/rvm/rubies/ruby-2.6.0/lib/ruby/gems/2.6.0/gems/rake-12.3.2/lib/rake/task.rb:273
Migrating to CreateCategories (20190830154247)
  [1m[35m (0.5ms)[0m  [1m[35mBEGIN[0m
  ↳ /usr/share/rvm/rubies/ruby-2.6.0/lib/ruby/gems/2.6.0/gems/rake-12.3.2/lib/rake/task.rb:273
  [1m[35m (12.3ms)[0m  [1m[35mCREATE TABLE "categories" ("id" bigserial primary key, "name" character varying, "created_at" timestamp NOT NULL, "updated_at" timestamp NOT NULL)[0m
  ↳ db/migrate/20190830154247_create_categories.rb:3
  [1m[35m (0.4ms)[0m  [1m[31mROLLBACK[0m
  ↳ /usr/share/rvm/rubies/ruby-2.6.0/lib/ruby/gems/2.6.0/gems/rake-12.3.2/lib/rake/task.rb:273
  [1m[35m (0.5ms)[0m  [1m[34mSELECT pg_advisory_unlock(7574898273434014425)[0m
  ↳ /usr/share/rvm/rubies/ruby-2.6.0/lib/ruby/gems/2.6.0/gems/rake-12.3.2/lib/rake/task.rb:273
  [1m[35m (2.0ms)[0m  [1m[34mSELECT "schema_migrations"."version" FROM "schema_migrations" ORDER BY "schema_migrations"."version" ASC[0m
  ↳ /usr/share/rvm/rubies/ruby-2.6.0/lib/ruby/gems/2.6.0/gems/rake-12.3.2/lib/rake/task.rb:273
  [1m[35m (0.5ms)[0m  [1m[34mSELECT "schema_migrations"."version" FROM "schema_migrations" ORDER BY "schema_migrations"."version" ASC[0m
  ↳ /usr/share/rvm/rubies/ruby-2.6.0/lib/ruby/gems/2.6.0/gems/rake-12.3.2/lib/rake/task.rb:273
  [1m[35m (0.5ms)[0m  [1m[34mSELECT "schema_migrations"."version" FROM "schema_migrations" ORDER BY "schema_migrations"."version" ASC[0m
  ↳ /usr/share/rvm/rubies/ruby-2.6.0/lib/ruby/gems/2.6.0/gems/rake-12.3.2/lib/rake/task.rb:273
  [1m[35m (2.6ms)[0m  [1m[34mSELECT "schema_migrations"."version" FROM "schema_migrations" ORDER BY "schema_migrations"."version" ASC[0m
  ↳ /usr/share/rvm/rubies/ruby-2.6.0/lib/ruby/gems/2.6.0/gems/rake-12.3.2/lib/rake/task.rb:273
  [1m[35m (2.7ms)[0m  [1m[34mSELECT "schema_migrations"."version" FROM "schema_migrations" ORDER BY "schema_migrations"."version" ASC[0m
  ↳ /usr/share/rvm/rubies/ruby-2.6.0/lib/ruby/gems/2.6.0/gems/rake-12.3.2/lib/rake/task.rb:273
  [1m[35m (0.8ms)[0m  [1m[34mSELECT "schema_migrations"."version" FROM "schema_migrations" ORDER BY "schema_migrations"."version" ASC[0m
  ↳ /usr/share/rvm/rubies/ruby-2.6.0/lib/ruby/gems/2.6.0/gems/rake-12.3.2/lib/rake/task.rb:273
  [1m[35m (0.5ms)[0m  [1m[34mSELECT pg_try_advisory_lock(7574898273434014425)[0m
  ↳ /usr/share/rvm/rubies/ruby-2.6.0/lib/ruby/gems/2.6.0/gems/rake-12.3.2/lib/rake/task.rb:273
  [1m[35m (5.6ms)[0m  [1m[34mSELECT "schema_migrations"."version" FROM "schema_migrations" ORDER BY "schema_migrations"."version" ASC[0m
  ↳ /usr/share/rvm/rubies/ruby-2.6.0/lib/ruby/gems/2.6.0/gems/rake-12.3.2/lib/rake/task.rb:273
Migrating to CreateCategories (20190905040650)
  [1m[35m (0.5ms)[0m  [1m[35mBEGIN[0m
  ↳ /usr/share/rvm/rubies/ruby-2.6.0/lib/ruby/gems/2.6.0/gems/rake-12.3.2/lib/rake/task.rb:273
  [1m[35m (210.5ms)[0m  [1m[35mCREATE TABLE "categories" ("id" bigserial primary key, "name" character varying, "created_at" timestamp NOT NULL, "updated_at" timestamp NOT NULL)[0m
  ↳ db/migrate/20190905040650_create_categories.rb:3
  [1m[35m (3.2ms)[0m  [1m[31mROLLBACK[0m
  ↳ /usr/share/rvm/rubies/ruby-2.6.0/lib/ruby/gems/2.6.0/gems/rake-12.3.2/lib/rake/task.rb:273
  [1m[35m (0.8ms)[0m  [1m[34mSELECT pg_advisory_unlock(7574898273434014425)[0m
  ↳ /usr/share/rvm/rubies/ruby-2.6.0/lib/ruby/gems/2.6.0/gems/rake-12.3.2/lib/rake/task.rb:273
  [1m[36mCategory Load (60.5ms)[0m  [1m[34mSELECT  "categories".* FROM "categories" LIMIT $1[0m  [["LIMIT", 11]]
  [1m[35m (0.5ms)[0m  [1m[34mSELECT pg_try_advisory_lock(7574898273434014425)[0m
  ↳ /usr/share/rvm/rubies/ruby-2.6.0/lib/ruby/gems/2.6.0/gems/rake-12.3.2/lib/rake/task.rb:273
  [1m[35m (2.6ms)[0m  [1m[34mSELECT "schema_migrations"."version" FROM "schema_migrations" ORDER BY "schema_migrations"."version" ASC[0m
  ↳ /usr/share/rvm/rubies/ruby-2.6.0/lib/ruby/gems/2.6.0/gems/rake-12.3.2/lib/rake/task.rb:273
Migrating to CreateCategories (20190905040650)
  [1m[35m (0.4ms)[0m  [1m[35mBEGIN[0m
  ↳ /usr/share/rvm/rubies/ruby-2.6.0/lib/ruby/gems/2.6.0/gems/rake-12.3.2/lib/rake/task.rb:273
  [1m[35m (55.2ms)[0m  [1m[35mCREATE TABLE "categories" ("id" bigserial primary key, "name" character varying, "created_at" timestamp NOT NULL, "updated_at" timestamp NOT NULL)[0m
  ↳ db/migrate/20190905040650_create_categories.rb:3
  [1m[35m (0.4ms)[0m  [1m[31mROLLBACK[0m
  ↳ /usr/share/rvm/rubies/ruby-2.6.0/lib/ruby/gems/2.6.0/gems/rake-12.3.2/lib/rake/task.rb:273
  [1m[35m (0.6ms)[0m  [1m[34mSELECT pg_advisory_unlock(7574898273434014425)[0m
  ↳ /usr/share/rvm/rubies/ruby-2.6.0/lib/ruby/gems/2.6.0/gems/rake-12.3.2/lib/rake/task.rb:273
  [1m[35m (0.4ms)[0m  [1m[34mSELECT pg_try_advisory_lock(7574898273434014425)[0m
  ↳ /usr/share/rvm/rubies/ruby-2.6.0/lib/ruby/gems/2.6.0/gems/rake-12.3.2/lib/rake/task.rb:273
  [1m[35m (2.4ms)[0m  [1m[34mSELECT "schema_migrations"."version" FROM "schema_migrations" ORDER BY "schema_migrations"."version" ASC[0m
  ↳ /usr/share/rvm/rubies/ruby-2.6.0/lib/ruby/gems/2.6.0/gems/rake-12.3.2/lib/rake/task.rb:273
Migrating to CreateCategories (20190905041837)
  [1m[35m (0.4ms)[0m  [1m[35mBEGIN[0m
  ↳ /usr/share/rvm/rubies/ruby-2.6.0/lib/ruby/gems/2.6.0/gems/rake-12.3.2/lib/rake/task.rb:273
  [1m[35m (115.3ms)[0m  [1m[35mCREATE TABLE "categories" ("id" bigserial primary key, "name" character varying, "created_at" timestamp NOT NULL, "updated_at" timestamp NOT NULL)[0m
  ↳ db/migrate/20190905041837_create_categories.rb:3
  [1m[35m (0.4ms)[0m  [1m[31mROLLBACK[0m
  ↳ /usr/share/rvm/rubies/ruby-2.6.0/lib/ruby/gems/2.6.0/gems/rake-12.3.2/lib/rake/task.rb:273
  [1m[35m (0.5ms)[0m  [1m[34mSELECT pg_advisory_unlock(7574898273434014425)[0m
  ↳ /usr/share/rvm/rubies/ruby-2.6.0/lib/ruby/gems/2.6.0/gems/rake-12.3.2/lib/rake/task.rb:273
  [1m[35m (343.2ms)[0m  [1m[35mDROP TABLE "categories"[0m
  [1m[35m (0.6ms)[0m  [1m[34mSELECT pg_try_advisory_lock(7574898273434014425)[0m
  ↳ /usr/share/rvm/rubies/ruby-2.6.0/lib/ruby/gems/2.6.0/gems/rake-12.3.2/lib/rake/task.rb:273
  [1m[35m (1.9ms)[0m  [1m[34mSELECT "schema_migrations"."version" FROM "schema_migrations" ORDER BY "schema_migrations"."version" ASC[0m
  ↳ /usr/share/rvm/rubies/ruby-2.6.0/lib/ruby/gems/2.6.0/gems/rake-12.3.2/lib/rake/task.rb:273
Migrating to CreateCategories (20190905041837)
  [1m[35m (0.4ms)[0m  [1m[35mBEGIN[0m
  ↳ /usr/share/rvm/rubies/ruby-2.6.0/lib/ruby/gems/2.6.0/gems/rake-12.3.2/lib/rake/task.rb:273
  [1m[35m (460.0ms)[0m  [1m[35mCREATE TABLE "categories" ("id" bigserial primary key, "name" character varying, "created_at" timestamp NOT NULL, "updated_at" timestamp NOT NULL)[0m
  ↳ db/migrate/20190905041837_create_categories.rb:3
  [1m[36mActiveRecord::SchemaMigration Create (6.0ms)[0m  [1m[32mINSERT INTO "schema_migrations" ("version") VALUES ($1) RETURNING "version"[0m  [["version", "20190905041837"]]
  ↳ /usr/share/rvm/rubies/ruby-2.6.0/lib/ruby/gems/2.6.0/gems/rake-12.3.2/lib/rake/task.rb:273
  [1m[35m (31.7ms)[0m  [1m[35mCOMMIT[0m
  ↳ /usr/share/rvm/rubies/ruby-2.6.0/lib/ruby/gems/2.6.0/gems/rake-12.3.2/lib/rake/task.rb:273
  [1m[36mActiveRecord::InternalMetadata Load (63.1ms)[0m  [1m[34mSELECT  "ar_internal_metadata".* FROM "ar_internal_metadata" WHERE "ar_internal_metadata"."key" = $1 LIMIT $2[0m  [["key", "environment"], ["LIMIT", 1]]
  ↳ /usr/share/rvm/rubies/ruby-2.6.0/lib/ruby/gems/2.6.0/gems/rake-12.3.2/lib/rake/task.rb:273
  [1m[35m (2.8ms)[0m  [1m[35mBEGIN[0m
  ↳ /usr/share/rvm/rubies/ruby-2.6.0/lib/ruby/gems/2.6.0/gems/rake-12.3.2/lib/rake/task.rb:273
  [1m[35m (0.6ms)[0m  [1m[35mCOMMIT[0m
  ↳ /usr/share/rvm/rubies/ruby-2.6.0/lib/ruby/gems/2.6.0/gems/rake-12.3.2/lib/rake/task.rb:273
  [1m[35m (1.2ms)[0m  [1m[34mSELECT pg_advisory_unlock(7574898273434014425)[0m
  ↳ /usr/share/rvm/rubies/ruby-2.6.0/lib/ruby/gems/2.6.0/gems/rake-12.3.2/lib/rake/task.rb:273
  [1m[35m (0.6ms)[0m  [1m[34mSELECT "schema_migrations"."version" FROM "schema_migrations" ORDER BY "schema_migrations"."version" ASC[0m
  ↳ /usr/share/rvm/rubies/ruby-2.6.0/lib/ruby/gems/2.6.0/gems/rake-12.3.2/lib/rake/task.rb:273
Started GET "/" for ::1 at 2019-09-05 12:57:41 +0530
  [1m[35m (3.7ms)[0m  [1m[34mSELECT "schema_migrations"."version" FROM "schema_migrations" ORDER BY "schema_migrations"."version" ASC[0m
  ↳ /home/omkar/.rvm/gems/ruby-2.6.0/gems/activerecord-5.2.3/lib/active_record/log_subscriber.rb:98
Processing by PagesController#home as HTML
  Rendering pages/home.html.erb within layouts/application
  Rendered pages/home.html.erb within layouts/application (4.5ms)
  Rendered layouts/_navigation.html.erb (5.0ms)
  Rendered layouts/_messages.html.erb (1.0ms)
  Rendered layouts/_footer.html.erb (2.4ms)
Completed 200 OK in 1947ms (Views: 1915.5ms | ActiveRecord: 0.0ms)


Started GET "/nature1.jpg" for ::1 at 2019-09-05 12:57:45 +0530
  
ActionController::RoutingError (No route matches [GET] "/nature1.jpg"):
  
actionpack (5.2.3) lib/action_dispatch/middleware/debug_exceptions.rb:65:in `call'
web-console (3.7.0) lib/web_console/middleware.rb:135:in `call_app'
web-console (3.7.0) lib/web_console/middleware.rb:30:in `block in call'
web-console (3.7.0) lib/web_console/middleware.rb:20:in `catch'
web-console (3.7.0) lib/web_console/middleware.rb:20:in `call'
actionpack (5.2.3) lib/action_dispatch/middleware/show_exceptions.rb:33:in `call'
railties (5.2.3) lib/rails/rack/logger.rb:38:in `call_app'
railties (5.2.3) lib/rails/rack/logger.rb:26:in `block in call'
activesupport (5.2.3) lib/active_support/tagged_logging.rb:71:in `block in tagged'
activesupport (5.2.3) lib/active_support/tagged_logging.rb:28:in `tagged'
activesupport (5.2.3) lib/active_support/tagged_logging.rb:71:in `tagged'
railties (5.2.3) lib/rails/rack/logger.rb:26:in `call'
sprockets-rails (3.2.1) lib/sprockets/rails/quiet_assets.rb:13:in `call'
actionpack (5.2.3) lib/action_dispatch/middleware/remote_ip.rb:81:in `call'
actionpack (5.2.3) lib/action_dispatch/middleware/request_id.rb:27:in `call'
rack (2.0.7) lib/rack/method_override.rb:22:in `call'
rack (2.0.7) lib/rack/runtime.rb:22:in `call'
activesupport (5.2.3) lib/active_support/cache/strategy/local_cache_middleware.rb:29:in `call'
actionpack (5.2.3) lib/action_dispatch/middleware/executor.rb:14:in `call'
actionpack (5.2.3) lib/action_dispatch/middleware/static.rb:127:in `call'
rack (2.0.7) lib/rack/sendfile.rb:111:in `call'
railties (5.2.3) lib/rails/engine.rb:524:in `call'
puma (3.12.1) lib/puma/configuration.rb:227:in `call'
puma (3.12.1) lib/puma/server.rb:660:in `handle_request'
puma (3.12.1) lib/puma/server.rb:474:in `process_client'
puma (3.12.1) lib/puma/server.rb:334:in `block in run'
puma (3.12.1) lib/puma/thread_pool.rb:135:in `block in spawn_thread'
Started GET "/categories/new" for ::1 at 2019-09-05 12:59:18 +0530
Processing by CategoriesController#new as HTML
  Rendering categories/new.html.erb within layouts/application
  Rendered categories/new.html.erb within layouts/application (0.5ms)
  Rendered layouts/_navigation.html.erb (2.3ms)
  Rendered layouts/_messages.html.erb (0.7ms)
  Rendered layouts/_footer.html.erb (0.5ms)
Completed 200 OK in 163ms (Views: 158.2ms | ActiveRecord: 0.0ms)


Started GET "/categories/new" for ::1 at 2019-09-05 13:07:00 +0530
Processing by CategoriesController#new as HTML
  Rendering categories/new.html.erb within layouts/application
  Rendered categories/new.html.erb within layouts/application (4.3ms)
Completed 500 Internal Server Error in 14ms (ActiveRecord: 0.0ms)


  
SyntaxError (/home/omkar/rails_projects/myrubyblog/app/views/categories/new.html.erb:18: syntax error, unexpected ')', expecting end
...mit class: "btn btn-primary") );@output_buffer.safe_append='
...                              ^
/home/omkar/rails_projects/myrubyblog/app/views/categories/new.html.erb:28: syntax error, unexpected ensure, expecting end-of-input
          ensure
          ^~~~~~):
  
app/views/categories/new.html.erb:18: syntax error, unexpected ')', expecting end
app/views/categories/new.html.erb:28: syntax error, unexpected ensure, expecting end-of-input
Started GET "/categories/new" for ::1 at 2019-09-05 13:07:43 +0530
Processing by CategoriesController#new as HTML
  Rendering categories/new.html.erb within layouts/application
  Rendered shared/_errors.html.erb (4.1ms)
  Rendered categories/new.html.erb within layouts/application (35.8ms)
Completed 500 Internal Server Error in 46ms (ActiveRecord: 0.0ms)


  
ActionView::Template::Error (undefined method `errors' for nil:NilClass):
    1: <% if obj.errors.any? %>
    2: 	<div class="row">
    3: 		<div class="col-md-8 col-md-offset-2">
    4: 			<div class="panel panel-danger">
  
app/views/shared/_errors.html.erb:1:in `_app_views_shared__errors_html_erb__4294683094158378316_70012706051360'
app/views/categories/new.html.erb:3:in `_app_views_categories_new_html_erb__2706392386296579731_70012705870980'
Started GET "/categories/new" for ::1 at 2019-09-05 13:09:17 +0530
Processing by CategoriesController#new as HTML
  Rendering categories/new.html.erb within layouts/application
  Rendered shared/_errors.html.erb (1.1ms)
  Rendered categories/new.html.erb within layouts/application (59.5ms)
  Rendered layouts/_navigation.html.erb (2.4ms)
  Rendered layouts/_messages.html.erb (0.7ms)
  Rendered layouts/_footer.html.erb (0.5ms)
Completed 200 OK in 247ms (Views: 203.3ms | ActiveRecord: 27.3ms)


Started POST "/categories" for ::1 at 2019-09-05 13:11:31 +0530
Processing by CategoriesController#create as HTML
  Parameters: {"utf8"=>"✓", "authenticity_token"=>"pymzjNgnu30JZdpsKm5vNvIb5Lb9vdYba5xKwNNukNz2DyTy2DgEJRIgn21FfhyHJCWgPi2+/xiQl96R2U3HSg==", "category"=>{"name"=>""}, "commit"=>"Create Category"}
No template found for CategoriesController#create, rendering head :no_content
Completed 204 No Content in 237ms (ActiveRecord: 0.0ms)


Started GET "/categories/new" for ::1 at 2019-09-05 13:26:23 +0530
Processing by CategoriesController#new as HTML
  Rendering categories/new.html.erb within layouts/application
  Rendered shared/_errors.html.erb (1.3ms)
  Rendered categories/new.html.erb within layouts/application (9.4ms)
  Rendered layouts/_navigation.html.erb (1.3ms)
  Rendered layouts/_messages.html.erb (0.7ms)
  Rendered layouts/_footer.html.erb (0.6ms)
Completed 200 OK in 234ms (Views: 172.6ms | ActiveRecord: 36.4ms)


Started POST "/categories" for ::1 at 2019-09-05 13:26:28 +0530
Processing by CategoriesController#create as HTML
  Parameters: {"utf8"=>"✓", "authenticity_token"=>"xNG9TnWW4XK9P2iyghw2l0ul1VHUC4xyEvX6XsFfwo+V9yowdYleKqZ6LbPtDEUmnZuR2QQIpXHp/m4Py3yVGQ==", "category"=>{"name"=>""}, "commit"=>"Create Category"}
  [1m[35m (1.1ms)[0m  [1m[35mBEGIN[0m
  ↳ app/controllers/categories_controller.rb:12
  [1m[36mCategory Exists (4.1ms)[0m  [1m[34mSELECT  1 AS one FROM "categories" WHERE "categories"."name" = $1 LIMIT $2[0m  [["name", ""], ["LIMIT", 1]]
  ↳ app/controllers/categories_controller.rb:12
  [1m[35m (1.6ms)[0m  [1m[31mROLLBACK[0m
  ↳ app/controllers/categories_controller.rb:12
  Rendering categories/new.html.erb within layouts/application
  Rendered shared/_errors.html.erb (5.4ms)
  Rendered categories/new.html.erb within layouts/application (12.0ms)
  Rendered layouts/_navigation.html.erb (1.2ms)
  Rendered layouts/_messages.html.erb (0.6ms)
  Rendered layouts/_footer.html.erb (0.7ms)
Completed 200 OK in 205ms (Views: 161.8ms | ActiveRecord: 6.9ms)


Started POST "/categories" for ::1 at 2019-09-05 13:26:42 +0530
Processing by CategoriesController#create as HTML
  Parameters: {"utf8"=>"✓", "authenticity_token"=>"xNG9TnWW4XK9P2iyghw2l0ul1VHUC4xyEvX6XsFfwo+V9yowdYleKqZ6LbPtDEUmnZuR2QQIpXHp/m4Py3yVGQ==", "category"=>{"name"=>"Sports"}, "commit"=>"Create Category"}
  [1m[35m (0.4ms)[0m  [1m[35mBEGIN[0m
  ↳ app/controllers/categories_controller.rb:12
  [1m[36mCategory Exists (2.3ms)[0m  [1m[34mSELECT  1 AS one FROM "categories" WHERE "categories"."name" = $1 LIMIT $2[0m  [["name", "Sports"], ["LIMIT", 1]]
  ↳ app/controllers/categories_controller.rb:12
  [1m[36mCategory Create (2.4ms)[0m  [1m[32mINSERT INTO "categories" ("name", "created_at", "updated_at") VALUES ($1, $2, $3) RETURNING "id"[0m  [["name", "Sports"], ["created_at", "2019-09-05 07:56:42.764937"], ["updated_at", "2019-09-05 07:56:42.764937"]]
  ↳ app/controllers/categories_controller.rb:12
  [1m[35m (66.3ms)[0m  [1m[35mCOMMIT[0m
  ↳ app/controllers/categories_controller.rb:12
Redirected to http://localhost:3000/categories
Completed 302 Found in 99ms (ActiveRecord: 71.5ms)


Started GET "/categories" for ::1 at 2019-09-05 13:26:42 +0530
Processing by CategoriesController#index as HTML
  Rendering categories/index.html.erb within layouts/application
  [1m[36mCategory Load (0.8ms)[0m  [1m[34mSELECT "categories".* FROM "categories"[0m
  ↳ app/views/categories/index.html.erb:3
  Rendered categories/index.html.erb within layouts/application (7.0ms)
  Rendered layouts/_navigation.html.erb (1.8ms)
  Rendered layouts/_messages.html.erb (0.7ms)
  Rendered layouts/_footer.html.erb (0.8ms)
Completed 200 OK in 172ms (Views: 168.6ms | ActiveRecord: 0.8ms)


Started GET "/categories" for ::1 at 2019-09-05 13:27:15 +0530
Processing by CategoriesController#index as HTML
  Rendering categories/index.html.erb within layouts/application
  [1m[36mCategory Load (0.8ms)[0m  [1m[34mSELECT "categories".* FROM "categories"[0m
  ↳ app/views/categories/index.html.erb:3
  Rendered categories/index.html.erb within layouts/application (5.8ms)
  Rendered layouts/_navigation.html.erb (1.4ms)
  Rendered layouts/_messages.html.erb (0.6ms)
  Rendered layouts/_footer.html.erb (0.5ms)
Completed 200 OK in 144ms (Views: 138.2ms | ActiveRecord: 0.8ms)


Started GET "/categories/1" for ::1 at 2019-09-05 13:27:20 +0530
Processing by CategoriesController#show as HTML
  Parameters: {"id"=>"1"}
  Rendering categories/show.html.erb within layouts/application
  Rendered categories/show.html.erb within layouts/application (1.2ms)
  Rendered layouts/_navigation.html.erb (2.6ms)
  Rendered layouts/_messages.html.erb (0.7ms)
  Rendered layouts/_footer.html.erb (0.9ms)
Completed 200 OK in 157ms (Views: 148.3ms | ActiveRecord: 0.0ms)


Started GET "/categories/new" for ::1 at 2019-09-05 13:27:29 +0530
Processing by CategoriesController#new as HTML
  Rendering categories/new.html.erb within layouts/application
  Rendered shared/_errors.html.erb (0.7ms)
  Rendered categories/new.html.erb within layouts/application (6.0ms)
  Rendered layouts/_navigation.html.erb (1.3ms)
  Rendered layouts/_messages.html.erb (1.1ms)
  Rendered layouts/_footer.html.erb (0.6ms)
Completed 200 OK in 131ms (Views: 127.8ms | ActiveRecord: 0.0ms)


Started POST "/categories" for ::1 at 2019-09-05 13:27:35 +0530
Processing by CategoriesController#create as HTML
  Parameters: {"utf8"=>"✓", "authenticity_token"=>"Gr+P//f0s+mKO3bCI+jOlshWuFTpoDNQtbe6SYTGncxLmRiB9+sMsZF+M8NM+L0nHmj83DmjGlNOvC4YjuXKWg==", "category"=>{"name"=>"Car"}, "commit"=>"Create Category"}
  [1m[35m (0.7ms)[0m  [1m[35mBEGIN[0m
  ↳ app/controllers/categories_controller.rb:12
  [1m[36mCategory Exists (0.7ms)[0m  [1m[34mSELECT  1 AS one FROM "categories" WHERE "categories"."name" = $1 LIMIT $2[0m  [["name", "Car"], ["LIMIT", 1]]
  ↳ app/controllers/categories_controller.rb:12
  [1m[36mCategory Create (0.9ms)[0m  [1m[32mINSERT INTO "categories" ("name", "created_at", "updated_at") VALUES ($1, $2, $3) RETURNING "id"[0m  [["name", "Car"], ["created_at", "2019-09-05 07:57:35.666081"], ["updated_at", "2019-09-05 07:57:35.666081"]]
  ↳ app/controllers/categories_controller.rb:12
  [1m[35m (42.3ms)[0m  [1m[35mCOMMIT[0m
  ↳ app/controllers/categories_controller.rb:12
Redirected to http://localhost:3000/categories
Completed 302 Found in 76ms (ActiveRecord: 44.7ms)


Started GET "/categories" for ::1 at 2019-09-05 13:27:35 +0530
Processing by CategoriesController#index as HTML
  Rendering categories/index.html.erb within layouts/application
  [1m[36mCategory Load (0.7ms)[0m  [1m[34mSELECT "categories".* FROM "categories"[0m
  ↳ app/views/categories/index.html.erb:3
  Rendered categories/index.html.erb within layouts/application (7.4ms)
  Rendered layouts/_navigation.html.erb (1.8ms)
  Rendered layouts/_messages.html.erb (0.7ms)
  Rendered layouts/_footer.html.erb (0.6ms)
Completed 200 OK in 139ms (Views: 135.6ms | ActiveRecord: 0.7ms)


Started GET "/" for ::1 at 2019-09-07 11:54:49 +0530
  [1m[35m (2.8ms)[0m  [1m[34mSELECT "schema_migrations"."version" FROM "schema_migrations" ORDER BY "schema_migrations"."version" ASC[0m
  ↳ /home/omkar/.rvm/gems/ruby-2.6.0/gems/activerecord-5.2.3/lib/active_record/log_subscriber.rb:98
Processing by PagesController#home as HTML
  Rendering pages/home.html.erb within layouts/application
  Rendered pages/home.html.erb within layouts/application (2.2ms)
Started GET "/" for ::1 at 2019-09-07 11:54:50 +0530
Processing by PagesController#home as HTML
  Rendering pages/home.html.erb within layouts/application
  Rendered pages/home.html.erb within layouts/application (7.8ms)
  Rendered layouts/_navigation.html.erb (1.8ms)
  Rendered layouts/_navigation.html.erb (4.5ms)
  Rendered layouts/_messages.html.erb (1.0ms)
  Rendered layouts/_messages.html.erb (0.7ms)
  Rendered layouts/_footer.html.erb (0.9ms)
  Rendered layouts/_footer.html.erb (6.2ms)
Completed 200 OK in 2373ms (Views: 2361.2ms | ActiveRecord: 0.0ms)


Completed 200 OK in 936ms (Views: 933.4ms | ActiveRecord: 0.0ms)


Started GET "/nature1.jpg" for ::1 at 2019-09-07 11:54:53 +0530
  
ActionController::RoutingError (No route matches [GET] "/nature1.jpg"):
  
actionpack (5.2.3) lib/action_dispatch/middleware/debug_exceptions.rb:65:in `call'
web-console (3.7.0) lib/web_console/middleware.rb:135:in `call_app'
web-console (3.7.0) lib/web_console/middleware.rb:30:in `block in call'
web-console (3.7.0) lib/web_console/middleware.rb:20:in `catch'
web-console (3.7.0) lib/web_console/middleware.rb:20:in `call'
actionpack (5.2.3) lib/action_dispatch/middleware/show_exceptions.rb:33:in `call'
railties (5.2.3) lib/rails/rack/logger.rb:38:in `call_app'
railties (5.2.3) lib/rails/rack/logger.rb:26:in `block in call'
activesupport (5.2.3) lib/active_support/tagged_logging.rb:71:in `block in tagged'
activesupport (5.2.3) lib/active_support/tagged_logging.rb:28:in `tagged'
activesupport (5.2.3) lib/active_support/tagged_logging.rb:71:in `tagged'
railties (5.2.3) lib/rails/rack/logger.rb:26:in `call'
sprockets-rails (3.2.1) lib/sprockets/rails/quiet_assets.rb:13:in `call'
actionpack (5.2.3) lib/action_dispatch/middleware/remote_ip.rb:81:in `call'
actionpack (5.2.3) lib/action_dispatch/middleware/request_id.rb:27:in `call'
rack (2.0.7) lib/rack/method_override.rb:22:in `call'
rack (2.0.7) lib/rack/runtime.rb:22:in `call'
activesupport (5.2.3) lib/active_support/cache/strategy/local_cache_middleware.rb:29:in `call'
actionpack (5.2.3) lib/action_dispatch/middleware/executor.rb:14:in `call'
actionpack (5.2.3) lib/action_dispatch/middleware/static.rb:127:in `call'
rack (2.0.7) lib/rack/sendfile.rb:111:in `call'
railties (5.2.3) lib/rails/engine.rb:524:in `call'
puma (3.12.1) lib/puma/configuration.rb:227:in `call'
puma (3.12.1) lib/puma/server.rb:660:in `handle_request'
puma (3.12.1) lib/puma/server.rb:474:in `process_client'
puma (3.12.1) lib/puma/server.rb:334:in `block in run'
puma (3.12.1) lib/puma/thread_pool.rb:135:in `block in spawn_thread'
Started GET "/categories/new" for ::1 at 2019-09-07 11:54:59 +0530
Processing by CategoriesController#new as HTML
  Rendering categories/new.html.erb within layouts/application
  Rendered shared/_errors.html.erb (1.0ms)
  Rendered categories/new.html.erb within layouts/application (23.5ms)
  Rendered layouts/_navigation.html.erb (2.9ms)
  Rendered layouts/_messages.html.erb (1.3ms)
  Rendered layouts/_footer.html.erb (0.6ms)
Completed 200 OK in 421ms (Views: 204.3ms | ActiveRecord: 185.2ms)


Started POST "/categories" for ::1 at 2019-09-07 11:55:05 +0530
Processing by CategoriesController#create as HTML
  Parameters: {"utf8"=>"✓", "authenticity_token"=>"JGvmlbDkVJyjEtzQFGzOmc/98YX90w4Kpsh0z0QG9D51TXHrsPvrxLhXmdF7fL0oGcO1DS3QJwldw+CeTiWjqA==", "category"=>{"name"=>"Travel"}, "commit"=>"Create Category"}
  [1m[35m (0.9ms)[0m  [1m[35mBEGIN[0m
  ↳ app/controllers/categories_controller.rb:12
  [1m[36mCategory Exists (3.5ms)[0m  [1m[34mSELECT  1 AS one FROM "categories" WHERE "categories"."name" = $1 LIMIT $2[0m  [["name", "Travel"], ["LIMIT", 1]]
  ↳ app/controllers/categories_controller.rb:12
  [1m[36mCategory Create (2.1ms)[0m  [1m[32mINSERT INTO "categories" ("name", "created_at", "updated_at") VALUES ($1, $2, $3) RETURNING "id"[0m  [["name", "Travel"], ["created_at", "2019-09-07 06:25:05.776428"], ["updated_at", "2019-09-07 06:25:05.776428"]]
  ↳ app/controllers/categories_controller.rb:12
  [1m[35m (36.8ms)[0m  [1m[35mCOMMIT[0m
  ↳ app/controllers/categories_controller.rb:12
Redirected to http://localhost:3000/categories
Completed 302 Found in 82ms (ActiveRecord: 43.2ms)


Started GET "/categories" for ::1 at 2019-09-07 11:55:05 +0530
Processing by CategoriesController#index as HTML
  Rendering categories/index.html.erb within layouts/application
  [1m[36mCategory Load (1.1ms)[0m  [1m[34mSELECT "categories".* FROM "categories"[0m
  ↳ app/views/categories/index.html.erb:3
  Rendered categories/index.html.erb within layouts/application (12.0ms)
  Rendered layouts/_navigation.html.erb (1.1ms)
  Rendered layouts/_messages.html.erb (0.8ms)
  Rendered layouts/_footer.html.erb (0.5ms)
Completed 200 OK in 174ms (Views: 167.9ms | ActiveRecord: 1.1ms)


Started GET "/categories/new" for ::1 at 2019-09-07 11:55:23 +0530
Processing by CategoriesController#new as HTML
  Rendering categories/new.html.erb within layouts/application
  Rendered shared/_errors.html.erb (1.5ms)
  Rendered categories/new.html.erb within layouts/application (11.1ms)
  Rendered layouts/_navigation.html.erb (1.1ms)
  Rendered layouts/_messages.html.erb (1.2ms)
  Rendered layouts/_footer.html.erb (0.9ms)
Completed 200 OK in 156ms (Views: 151.5ms | ActiveRecord: 0.0ms)


Started POST "/categories" for ::1 at 2019-09-07 11:55:32 +0530
Processing by CategoriesController#create as HTML
  Parameters: {"utf8"=>"✓", "authenticity_token"=>"zC5ZLTCvAPftYxXSHbfiQEFCBmRahRcmX3V5nvY7v8qdCM5TMLC/r/YmUNNyp5Hxl3xC7IqGPiWkfu3P/BjoXA==", "category"=>{"name"=>"Programming"}, "commit"=>"Create Category"}
  [1m[35m (1.3ms)[0m  [1m[35mBEGIN[0m
  ↳ app/controllers/categories_controller.rb:12
  [1m[36mCategory Exists (0.9ms)[0m  [1m[34mSELECT  1 AS one FROM "categories" WHERE "categories"."name" = $1 LIMIT $2[0m  [["name", "Programming"], ["LIMIT", 1]]
  ↳ app/controllers/categories_controller.rb:12
  [1m[36mCategory Create (1.9ms)[0m  [1m[32mINSERT INTO "categories" ("name", "created_at", "updated_at") VALUES ($1, $2, $3) RETURNING "id"[0m  [["name", "Programming"], ["created_at", "2019-09-07 06:25:32.385508"], ["updated_at", "2019-09-07 06:25:32.385508"]]
  ↳ app/controllers/categories_controller.rb:12
  [1m[35m (40.3ms)[0m  [1m[35mCOMMIT[0m
  ↳ app/controllers/categories_controller.rb:12
Redirected to http://localhost:3000/categories
Completed 302 Found in 77ms (ActiveRecord: 44.4ms)


Started GET "/categories" for ::1 at 2019-09-07 11:55:32 +0530
Processing by CategoriesController#index as HTML
  Rendering categories/index.html.erb within layouts/application
  [1m[36mCategory Load (0.9ms)[0m  [1m[34mSELECT "categories".* FROM "categories"[0m
  ↳ app/views/categories/index.html.erb:3
  Rendered categories/index.html.erb within layouts/application (6.2ms)
  Rendered layouts/_navigation.html.erb (2.0ms)
  Rendered layouts/_messages.html.erb (0.7ms)
  Rendered layouts/_footer.html.erb (0.6ms)
Completed 200 OK in 159ms (Views: 155.4ms | ActiveRecord: 0.9ms)


Started GET "/categories/new" for ::1 at 2019-09-07 11:55:39 +0530
Processing by CategoriesController#new as HTML
  Rendering categories/new.html.erb within layouts/application
  Rendered shared/_errors.html.erb (0.7ms)
  Rendered categories/new.html.erb within layouts/application (10.2ms)
  Rendered layouts/_navigation.html.erb (1.1ms)
  Rendered layouts/_messages.html.erb (0.6ms)
  Rendered layouts/_footer.html.erb (0.5ms)
Completed 200 OK in 134ms (Views: 128.8ms | ActiveRecord: 0.0ms)


Started POST "/categories" for ::1 at 2019-09-07 11:55:57 +0530
Processing by CategoriesController#create as HTML
  Parameters: {"utf8"=>"✓", "authenticity_token"=>"mElK4sXKrEeTkJ/nH/DUgG97JthAQSwTJbbXeGwIQ8LJb92cxdUTH4jV2uZw4KcxuUViUJBCBRDevUMpZisUVA==", "category"=>{"name"=>"Fashion"}, "commit"=>"Create Category"}
  [1m[35m (0.9ms)[0m  [1m[35mBEGIN[0m
  ↳ app/controllers/categories_controller.rb:12
  [1m[36mCategory Exists (1.3ms)[0m  [1m[34mSELECT  1 AS one FROM "categories" WHERE "categories"."name" = $1 LIMIT $2[0m  [["name", "Fashion"], ["LIMIT", 1]]
  ↳ app/controllers/categories_controller.rb:12
  [1m[36mCategory Create (0.8ms)[0m  [1m[32mINSERT INTO "categories" ("name", "created_at", "updated_at") VALUES ($1, $2, $3) RETURNING "id"[0m  [["name", "Fashion"], ["created_at", "2019-09-07 06:25:57.534673"], ["updated_at", "2019-09-07 06:25:57.534673"]]
  ↳ app/controllers/categories_controller.rb:12
  [1m[35m (41.0ms)[0m  [1m[35mCOMMIT[0m
  ↳ app/controllers/categories_controller.rb:12
Redirected to http://localhost:3000/categories
Completed 302 Found in 64ms (ActiveRecord: 44.1ms)


Started GET "/categories" for ::1 at 2019-09-07 11:55:57 +0530
Processing by CategoriesController#index as HTML
  Rendering categories/index.html.erb within layouts/application
  [1m[36mCategory Load (0.8ms)[0m  [1m[34mSELECT "categories".* FROM "categories"[0m
  ↳ app/views/categories/index.html.erb:3
  Rendered categories/index.html.erb within layouts/application (16.6ms)
  Rendered layouts/_navigation.html.erb (1.1ms)
  Rendered layouts/_messages.html.erb (0.7ms)
  Rendered layouts/_footer.html.erb (0.6ms)
Completed 200 OK in 173ms (Views: 167.8ms | ActiveRecord: 0.8ms)


Started GET "/categories/new" for ::1 at 2019-09-07 11:56:02 +0530
Processing by CategoriesController#new as HTML
  Rendering categories/new.html.erb within layouts/application
  Rendered shared/_errors.html.erb (0.6ms)
  Rendered categories/new.html.erb within layouts/application (6.5ms)
  Rendered layouts/_navigation.html.erb (1.1ms)
  Rendered layouts/_messages.html.erb (0.6ms)
  Rendered layouts/_footer.html.erb (0.6ms)
Completed 200 OK in 137ms (Views: 131.7ms | ActiveRecord: 0.0ms)


Started POST "/categories" for ::1 at 2019-09-07 11:56:09 +0530
Processing by CategoriesController#create as HTML
  Parameters: {"utf8"=>"✓", "authenticity_token"=>"8KPVU7jZIv7RhP/1WYuCeUMZDrNM4lfhkVFKQthVpJGhhUItuMadpsrBuvQ2m/HIlSdKO5zhfuJqWt4T0nbzBw==", "category"=>{"name"=>"History"}, "commit"=>"Create Category"}
  [1m[35m (0.5ms)[0m  [1m[35mBEGIN[0m
  ↳ app/controllers/categories_controller.rb:12
  [1m[36mCategory Exists (1.0ms)[0m  [1m[34mSELECT  1 AS one FROM "categories" WHERE "categories"."name" = $1 LIMIT $2[0m  [["name", "History"], ["LIMIT", 1]]
  ↳ app/controllers/categories_controller.rb:12
  [1m[36mCategory Create (0.8ms)[0m  [1m[32mINSERT INTO "categories" ("name", "created_at", "updated_at") VALUES ($1, $2, $3) RETURNING "id"[0m  [["name", "History"], ["created_at", "2019-09-07 06:26:09.178743"], ["updated_at", "2019-09-07 06:26:09.178743"]]
  ↳ app/controllers/categories_controller.rb:12
  [1m[35m (38.1ms)[0m  [1m[35mCOMMIT[0m
  ↳ app/controllers/categories_controller.rb:12
Redirected to http://localhost:3000/categories
Completed 302 Found in 72ms (ActiveRecord: 40.4ms)


Started GET "/categories" for ::1 at 2019-09-07 11:56:09 +0530
Processing by CategoriesController#index as HTML
  Rendering categories/index.html.erb within layouts/application
  [1m[36mCategory Load (1.6ms)[0m  [1m[34mSELECT "categories".* FROM "categories"[0m
  ↳ app/views/categories/index.html.erb:3
  Rendered categories/index.html.erb within layouts/application (7.6ms)
  Rendered layouts/_navigation.html.erb (1.6ms)
  Rendered layouts/_messages.html.erb (1.2ms)
  Rendered layouts/_footer.html.erb (0.5ms)
Completed 200 OK in 181ms (Views: 175.4ms | ActiveRecord: 1.6ms)


Started GET "/categories/new" for ::1 at 2019-09-07 11:56:18 +0530
Processing by CategoriesController#new as HTML
  Rendering categories/new.html.erb within layouts/application
  Rendered shared/_errors.html.erb (0.6ms)
  Rendered categories/new.html.erb within layouts/application (8.9ms)
  Rendered layouts/_navigation.html.erb (2.8ms)
  Rendered layouts/_messages.html.erb (1.3ms)
  Rendered layouts/_footer.html.erb (0.5ms)
Completed 200 OK in 200ms (Views: 196.7ms | ActiveRecord: 0.0ms)


Started POST "/categories" for ::1 at 2019-09-07 11:56:22 +0530
Processing by CategoriesController#create as HTML
  Parameters: {"utf8"=>"✓", "authenticity_token"=>"cZqi9G4YdRTOnqGbkSPZWv4VBA5/89L2ZzSCi8NJJoAgvDWKbgfKTNXb5Jr+M6rrKCtAhq/w+/WcPxbayWpxFg==", "category"=>{"name"=>"Space"}, "commit"=>"Create Category"}
  [1m[35m (0.6ms)[0m  [1m[35mBEGIN[0m
  ↳ app/controllers/categories_controller.rb:12
  [1m[36mCategory Exists (0.9ms)[0m  [1m[34mSELECT  1 AS one FROM "categories" WHERE "categories"."name" = $1 LIMIT $2[0m  [["name", "Space"], ["LIMIT", 1]]
  ↳ app/controllers/categories_controller.rb:12
  [1m[36mCategory Create (3.0ms)[0m  [1m[32mINSERT INTO "categories" ("name", "created_at", "updated_at") VALUES ($1, $2, $3) RETURNING "id"[0m  [["name", "Space"], ["created_at", "2019-09-07 06:26:22.258691"], ["updated_at", "2019-09-07 06:26:22.258691"]]
  ↳ app/controllers/categories_controller.rb:12
  [1m[35m (44.1ms)[0m  [1m[35mCOMMIT[0m
  ↳ app/controllers/categories_controller.rb:12
Redirected to http://localhost:3000/categories
Completed 302 Found in 74ms (ActiveRecord: 48.5ms)


Started GET "/categories" for ::1 at 2019-09-07 11:56:22 +0530
Processing by CategoriesController#index as HTML
  Rendering categories/index.html.erb within layouts/application
  [1m[36mCategory Load (0.9ms)[0m  [1m[34mSELECT "categories".* FROM "categories"[0m
  ↳ app/views/categories/index.html.erb:3
  Rendered categories/index.html.erb within layouts/application (10.6ms)
  Rendered layouts/_navigation.html.erb (2.0ms)
  Rendered layouts/_messages.html.erb (0.7ms)
  Rendered layouts/_footer.html.erb (0.9ms)
Completed 200 OK in 140ms (Views: 133.6ms | ActiveRecord: 0.9ms)


Started GET "/categories/new" for ::1 at 2019-09-07 11:56:25 +0530
Processing by CategoriesController#new as HTML
  Rendering categories/new.html.erb within layouts/application
  Rendered shared/_errors.html.erb (1.9ms)
  Rendered categories/new.html.erb within layouts/application (13.1ms)
  Rendered layouts/_navigation.html.erb (2.6ms)
  Rendered layouts/_messages.html.erb (0.7ms)
  Rendered layouts/_footer.html.erb (0.6ms)
Completed 200 OK in 163ms (Views: 158.7ms | ActiveRecord: 0.0ms)


Started POST "/categories" for ::1 at 2019-09-07 11:56:29 +0530
Processing by CategoriesController#create as HTML
  Parameters: {"utf8"=>"✓", "authenticity_token"=>"gCqdoovGYaNRQVK/DoqDZ2QbGh1J1KWzLBDJMdRbEr7RDArci9ne+0oEF75hmvDWsiVelZnXjLDXG11g3nhFKA==", "category"=>{"name"=>"Fiction"}, "commit"=>"Create Category"}
  [1m[35m (0.5ms)[0m  [1m[35mBEGIN[0m
  ↳ app/controllers/categories_controller.rb:12
  [1m[36mCategory Exists (1.5ms)[0m  [1m[34mSELECT  1 AS one FROM "categories" WHERE "categories"."name" = $1 LIMIT $2[0m  [["name", "Fiction"], ["LIMIT", 1]]
  ↳ app/controllers/categories_controller.rb:12
  [1m[36mCategory Create (27.4ms)[0m  [1m[32mINSERT INTO "categories" ("name", "created_at", "updated_at") VALUES ($1, $2, $3) RETURNING "id"[0m  [["name", "Fiction"], ["created_at", "2019-09-07 06:26:29.029735"], ["updated_at", "2019-09-07 06:26:29.029735"]]
  ↳ app/controllers/categories_controller.rb:12
  [1m[35m (31.6ms)[0m  [1m[35mCOMMIT[0m
  ↳ app/controllers/categories_controller.rb:12
Redirected to http://localhost:3000/categories
Completed 302 Found in 87ms (ActiveRecord: 60.9ms)


Started GET "/categories" for ::1 at 2019-09-07 11:56:29 +0530
Processing by CategoriesController#index as HTML
  Rendering categories/index.html.erb within layouts/application
  [1m[36mCategory Load (0.9ms)[0m  [1m[34mSELECT "categories".* FROM "categories"[0m
  ↳ app/views/categories/index.html.erb:3
  Rendered categories/index.html.erb within layouts/application (5.5ms)
  Rendered layouts/_navigation.html.erb (3.7ms)
  Rendered layouts/_messages.html.erb (0.8ms)
  Rendered layouts/_footer.html.erb (0.5ms)
Completed 200 OK in 145ms (Views: 141.6ms | ActiveRecord: 0.9ms)


Started GET "/categories" for ::1 at 2019-09-07 11:59:11 +0530
Processing by CategoriesController#index as HTML
  Rendering categories/index.html.erb within layouts/application
  [1m[35m (55.5ms)[0m  [1m[34mSELECT COUNT(*) FROM "categories"[0m
  ↳ app/views/categories/index.html.erb:3
  [1m[36mCategory Load (0.6ms)[0m  [1m[34mSELECT  "categories".* FROM "categories" LIMIT $1 OFFSET $2[0m  [["LIMIT", 3], ["OFFSET", 0]]
  ↳ app/views/categories/index.html.erb:4
  Rendered categories/index.html.erb within layouts/application (106.0ms)
  Rendered layouts/_navigation.html.erb (1.2ms)
  Rendered layouts/_messages.html.erb (1.5ms)
  Rendered layouts/_footer.html.erb (1.0ms)
Completed 200 OK in 310ms (Views: 228.5ms | ActiveRecord: 68.5ms)


Started GET "/categories" for ::1 at 2019-09-07 11:59:58 +0530
Processing by CategoriesController#index as HTML
  Rendering categories/index.html.erb within layouts/application
  [1m[35m (1.2ms)[0m  [1m[34mSELECT COUNT(*) FROM "categories"[0m
  ↳ app/views/categories/index.html.erb:3
  [1m[36mCategory Load (0.8ms)[0m  [1m[34mSELECT  "categories".* FROM "categories" LIMIT $1 OFFSET $2[0m  [["LIMIT", 3], ["OFFSET", 0]]
  ↳ app/views/categories/index.html.erb:4
  Rendered categories/index.html.erb within layouts/application (19.3ms)
  Rendered layouts/_navigation.html.erb (3.9ms)
  Rendered layouts/_messages.html.erb (0.6ms)
  Rendered layouts/_footer.html.erb (0.5ms)
Completed 200 OK in 137ms (Views: 132.9ms | ActiveRecord: 2.0ms)


Started GET "/categories" for ::1 at 2019-09-07 12:01:11 +0530
Processing by CategoriesController#index as HTML
  Rendering categories/index.html.erb within layouts/application
  [1m[35m (1.0ms)[0m  [1m[34mSELECT COUNT(*) FROM "categories"[0m
  ↳ app/views/categories/index.html.erb:4
  [1m[36mCategory Load (1.0ms)[0m  [1m[34mSELECT  "categories".* FROM "categories" LIMIT $1 OFFSET $2[0m  [["LIMIT", 3], ["OFFSET", 0]]
  ↳ app/views/categories/index.html.erb:5
  Rendered categories/index.html.erb within layouts/application (21.2ms)
  Rendered layouts/_navigation.html.erb (1.1ms)
  Rendered layouts/_messages.html.erb (1.1ms)
  Rendered layouts/_footer.html.erb (0.7ms)
Completed 200 OK in 165ms (Views: 155.1ms | ActiveRecord: 2.0ms)


Started GET "/categories" for ::1 at 2019-09-07 12:01:44 +0530
Processing by CategoriesController#index as HTML
  Rendering categories/index.html.erb within layouts/application
  [1m[35m (1.6ms)[0m  [1m[34mSELECT COUNT(*) FROM "categories"[0m
  ↳ app/views/categories/index.html.erb:4
  [1m[36mCategory Load (0.8ms)[0m  [1m[34mSELECT  "categories".* FROM "categories" LIMIT $1 OFFSET $2[0m  [["LIMIT", 3], ["OFFSET", 0]]
  ↳ app/views/categories/index.html.erb:5
  Rendered categories/index.html.erb within layouts/application (18.9ms)
  Rendered layouts/_navigation.html.erb (1.9ms)
  Rendered layouts/_messages.html.erb (0.6ms)
  Rendered layouts/_footer.html.erb (0.6ms)
Completed 200 OK in 153ms (Views: 146.7ms | ActiveRecord: 2.3ms)


Started GET "/categories" for ::1 at 2019-09-07 12:02:15 +0530
Processing by CategoriesController#index as HTML
  Rendering categories/index.html.erb within layouts/application
  [1m[35m (0.8ms)[0m  [1m[34mSELECT COUNT(*) FROM "categories"[0m
  ↳ app/views/categories/index.html.erb:4
  [1m[36mCategory Load (0.6ms)[0m  [1m[34mSELECT  "categories".* FROM "categories" LIMIT $1 OFFSET $2[0m  [["LIMIT", 3], ["OFFSET", 0]]
  ↳ app/views/categories/index.html.erb:5
  Rendered categories/index.html.erb within layouts/application (14.9ms)
  Rendered layouts/_navigation.html.erb (1.1ms)
  Rendered layouts/_messages.html.erb (0.6ms)
  Rendered layouts/_footer.html.erb (0.5ms)
Completed 200 OK in 135ms (Views: 129.8ms | ActiveRecord: 1.4ms)


Started GET "/categories?page=2" for ::1 at 2019-09-07 12:02:19 +0530
Processing by CategoriesController#index as HTML
  Parameters: {"page"=>"2"}
  Rendering categories/index.html.erb within layouts/application
  [1m[35m (0.8ms)[0m  [1m[34mSELECT COUNT(*) FROM "categories"[0m
  ↳ app/views/categories/index.html.erb:4
  [1m[36mCategory Load (0.8ms)[0m  [1m[34mSELECT  "categories".* FROM "categories" LIMIT $1 OFFSET $2[0m  [["LIMIT", 3], ["OFFSET", 3]]
  ↳ app/views/categories/index.html.erb:5
  Rendered categories/index.html.erb within layouts/application (14.5ms)
  Rendered layouts/_navigation.html.erb (1.1ms)
  Rendered layouts/_messages.html.erb (0.6ms)
  Rendered layouts/_footer.html.erb (0.5ms)
Completed 200 OK in 159ms (Views: 154.3ms | ActiveRecord: 1.6ms)


Started GET "/categories?page=3" for ::1 at 2019-09-07 12:02:20 +0530
Processing by CategoriesController#index as HTML
  Parameters: {"page"=>"3"}
  Rendering categories/index.html.erb within layouts/application
  [1m[35m (0.7ms)[0m  [1m[34mSELECT COUNT(*) FROM "categories"[0m
  ↳ app/views/categories/index.html.erb:4
  [1m[36mCategory Load (0.9ms)[0m  [1m[34mSELECT  "categories".* FROM "categories" LIMIT $1 OFFSET $2[0m  [["LIMIT", 3], ["OFFSET", 6]]
  ↳ app/views/categories/index.html.erb:5
  Rendered categories/index.html.erb within layouts/application (17.2ms)
  Rendered layouts/_navigation.html.erb (1.0ms)
  Rendered layouts/_messages.html.erb (0.6ms)
  Rendered layouts/_footer.html.erb (0.6ms)
Completed 200 OK in 161ms (Views: 129.2ms | ActiveRecord: 1.6ms)


Started GET "/categories?page=2" for ::1 at 2019-09-07 12:02:22 +0530
Processing by CategoriesController#index as HTML
  Parameters: {"page"=>"2"}
  Rendering categories/index.html.erb within layouts/application
  [1m[35m (0.9ms)[0m  [1m[34mSELECT COUNT(*) FROM "categories"[0m
  ↳ app/views/categories/index.html.erb:4
  [1m[36mCategory Load (0.7ms)[0m  [1m[34mSELECT  "categories".* FROM "categories" LIMIT $1 OFFSET $2[0m  [["LIMIT", 3], ["OFFSET", 3]]
  ↳ app/views/categories/index.html.erb:5
  Rendered categories/index.html.erb within layouts/application (16.8ms)
  Rendered layouts/_navigation.html.erb (1.0ms)
  Rendered layouts/_messages.html.erb (0.6ms)
  Rendered layouts/_footer.html.erb (0.6ms)
Completed 200 OK in 127ms (Views: 121.6ms | ActiveRecord: 1.5ms)


Started GET "/categories?page=1" for ::1 at 2019-09-07 12:02:23 +0530
Processing by CategoriesController#index as HTML
  Parameters: {"page"=>"1"}
  Rendering categories/index.html.erb within layouts/application
  [1m[35m (0.7ms)[0m  [1m[34mSELECT COUNT(*) FROM "categories"[0m
  ↳ app/views/categories/index.html.erb:4
  [1m[36mCategory Load (0.8ms)[0m  [1m[34mSELECT  "categories".* FROM "categories" LIMIT $1 OFFSET $2[0m  [["LIMIT", 3], ["OFFSET", 0]]
  ↳ app/views/categories/index.html.erb:5
  Rendered categories/index.html.erb within layouts/application (16.3ms)
  Rendered layouts/_navigation.html.erb (1.4ms)
  Rendered layouts/_messages.html.erb (0.7ms)
  Rendered layouts/_footer.html.erb (0.5ms)
Completed 200 OK in 155ms (Views: 150.0ms | ActiveRecord: 1.4ms)


Started GET "/categories/3" for ::1 at 2019-09-07 12:02:27 +0530
Processing by CategoriesController#show as HTML
  Parameters: {"id"=>"3"}
  Rendering categories/show.html.erb within layouts/application
  Rendered categories/show.html.erb within layouts/application (0.6ms)
  Rendered layouts/_navigation.html.erb (1.1ms)
  Rendered layouts/_messages.html.erb (0.6ms)
  Rendered layouts/_footer.html.erb (0.5ms)
Completed 200 OK in 134ms (Views: 113.7ms | ActiveRecord: 0.0ms)


